# JRE version: OpenJDK Runtime Environment (11.0.10) (build 11.0.10+0-b96-7249189)
# Java VM: OpenJDK 64-Bit Server VM (11.0.10+0-b96-7249189, mixed mode, tiered, compressed oops, g1 gc, windows-amd64)
Heap:
 garbage-first heap   total 126976K, used 89465K [0x0000000080000000, 0x0000000100000000)
  region size 1024K, 50 young (51200K), 8 survivors (8192K)
 Metaspace       used 45132K, capacity 46289K, committed 46540K, reserved 1089536K
  class space    used 5886K, capacity 6287K, committed 6400K, reserved 1048576K
GC Heap History (16 events):
Event: 11.326 GC heap before
{Heap before GC invocations=0 (full 0):
 garbage-first heap   total 126976K, used 19456K [0x0000000080000000, 0x0000000100000000)
  region size 1024K, 14 young (14336K), 0 survivors (0K)
 Metaspace       used 6754K, capacity 6929K, committed 7168K, reserved 1056768K
  class space    used 582K, capacity 650K, committed 768K, reserved 1048576K
}
Event: 11.972 GC heap after
{Heap after GC invocations=1 (full 0):
 garbage-first heap   total 126976K, used 7871K [0x0000000080000000, 0x0000000100000000)
  region size 1024K, 2 young (2048K), 2 survivors (2048K)
 Metaspace       used 6754K, capacity 6929K, committed 7168K, reserved 1056768K
  class space    used 582K, capacity 650K, committed 768K, reserved 1048576K
}
Event: 15.808 GC heap before
{Heap before GC invocations=1 (full 0):
 garbage-first heap   total 126976K, used 20159K [0x0000000080000000, 0x0000000100000000)
  region size 1024K, 14 young (14336K), 2 survivors (2048K)
 Metaspace       used 9881K, capacity 10058K, committed 10112K, reserved 1058816K
  class space    used 1022K, capacity 1102K, committed 1152K, reserved 1048576K
}
Event: 15.815 GC heap after
{Heap after GC invocations=2 (full 0):
 garbage-first heap   total 126976K, used 9101K [0x0000000080000000, 0x0000000100000000)
  region size 1024K, 2 young (2048K), 2 survivors (2048K)
 Metaspace       used 9881K, capacity 10058K, committed 10112K, reserved 1058816K
  class space    used 1022K, capacity 1102K, committed 1152K, reserved 1048576K
}
Event: 23.417 GC heap before
{Heap before GC invocations=2 (full 0):
 garbage-first heap   total 126976K, used 37773K [0x0000000080000000, 0x0000000100000000)
  region size 1024K, 30 young (30720K), 2 survivors (2048K)
 Metaspace       used 10794K, capacity 11075K, committed 11264K, reserved 1058816K
  class space    used 1125K, capacity 1206K, committed 1280K, reserved 1048576K
}
Event: 23.422 GC heap after
{Heap after GC invocations=3 (full 0):
 garbage-first heap   total 126976K, used 12364K [0x0000000080000000, 0x0000000100000000)
  region size 1024K, 4 young (4096K), 4 survivors (4096K)
 Metaspace       used 10794K, capacity 11075K, committed 11264K, reserved 1058816K
  class space    used 1125K, capacity 1206K, committed 1280K, reserved 1048576K
}
Event: 33.580 GC heap before
{Heap before GC invocations=3 (full 0):
 garbage-first heap   total 126976K, used 76876K [0x0000000080000000, 0x0000000100000000)
  region size 1024K, 68 young (69632K), 4 survivors (4096K)
 Metaspace       used 20607K, capacity 21125K, committed 21248K, reserved 1067008K
  class space    used 2513K, capacity 2731K, committed 2816K, reserved 1048576K
}
Event: 33.599 GC heap after
{Heap after GC invocations=4 (full 0):
 garbage-first heap   total 126976K, used 16409K [0x0000000080000000, 0x0000000100000000)
  region size 1024K, 9 young (9216K), 9 survivors (9216K)
 Metaspace       used 20607K, capacity 21125K, committed 21248K, reserved 1067008K
  class space    used 2513K, capacity 2731K, committed 2816K, reserved 1048576K
}
Event: 37.061 GC heap before
{Heap before GC invocations=5 (full 0):
 garbage-first heap   total 126976K, used 91161K [0x0000000080000000, 0x0000000100000000)
  region size 1024K, 73 young (74752K), 9 survivors (9216K)
 Metaspace       used 26965K, capacity 27756K, committed 27904K, reserved 1073152K
  class space    used 3550K, capacity 3837K, committed 3840K, reserved 1048576K
}
Event: 37.075 GC heap after
{Heap after GC invocations=6 (full 0):
 garbage-first heap   total 126976K, used 31973K [0x0000000080000000, 0x0000000100000000)
  region size 1024K, 6 young (6144K), 6 survivors (6144K)
 Metaspace       used 26965K, capacity 27756K, committed 27904K, reserved 1073152K
  class space    used 3550K, capacity 3837K, committed 3840K, reserved 1048576K
}
Event: 40.128 GC heap before
{Heap before GC invocations=6 (full 0):
 garbage-first heap   total 126976K, used 82149K [0x0000000080000000, 0x0000000100000000)
  region size 1024K, 56 young (57344K), 6 survivors (6144K)
 Metaspace       used 34705K, capacity 35666K, committed 35840K, reserved 1081344K
  class space    used 4512K, capacity 4834K, committed 4864K, reserved 1048576K
}
Event: 40.145 GC heap after
{Heap after GC invocations=7 (full 0):
 garbage-first heap   total 126976K, used 34706K [0x0000000080000000, 0x0000000100000000)
  region size 1024K, 4 young (4096K), 4 survivors (4096K)
 Metaspace       used 34705K, capacity 35666K, committed 35840K, reserved 1081344K
  class space    used 4512K, capacity 4834K, committed 4864K, reserved 1048576K
}
Event: 42.009 GC heap before
{Heap before GC invocations=8 (full 0):
 garbage-first heap   total 126976K, used 98194K [0x0000000080000000, 0x0000000100000000)
  region size 1024K, 64 young (65536K), 4 survivors (4096K)
 Metaspace       used 41045K, capacity 42165K, committed 42316K, reserved 1085440K
  class space    used 5269K, capacity 5678K, committed 5760K, reserved 1048576K
}
Event: 42.031 GC heap after
{Heap after GC invocations=9 (full 0):
 garbage-first heap   total 126976K, used 39099K [0x0000000080000000, 0x0000000100000000)
  region size 1024K, 8 young (8192K), 8 survivors (8192K)
 Metaspace       used 41045K, capacity 42165K, committed 42316K, reserved 1085440K
  class space    used 5269K, capacity 5678K, committed 5760K, reserved 1048576K
}
Event: 44.307 GC heap before
{Heap before GC invocations=10 (full 0):
 garbage-first heap   total 126976K, used 103611K [0x0000000080000000, 0x0000000100000000)
  region size 1024K, 66 young (67584K), 8 survivors (8192K)
 Metaspace       used 45089K, capacity 46225K, committed 46540K, reserved 1089536K
  class space    used 5886K, capacity 6287K, committed 6400K, reserved 1048576K
}
Event: 44.327 GC heap after
{Heap after GC invocations=11 (full 0):
 garbage-first heap   total 126976K, used 47481K [0x0000000080000000, 0x0000000100000000)
  region size 1024K, 8 young (8192K), 8 survivors (8192K)
 Metaspace       used 45089K, capacity 46225K, committed 46540K, reserved 1089536K
  class space    used 5886K, capacity 6287K, committed 6400K, reserved 1048576K
}

